0 info it worked if it ends with ok
1 verbose cli [ '/usr/bin/nodejs', '/usr/local/bin/npm', 'start' ]
2 info using npm@3.7.1
3 info using node@v5.10.0
4 verbose run-script [ 'prestart', 'start', 'poststart' ]
5 info lifecycle express@0.0.1~prestart: express@0.0.1
6 silly lifecycle express@0.0.1~prestart: no script for prestart, continuing
7 info lifecycle express@0.0.1~start: express@0.0.1
8 verbose lifecycle express@0.0.1~start: unsafe-perm in lifecycle true
9 verbose lifecycle express@0.0.1~start: PATH: /usr/local/lib/node_modules/npm/bin/node-gyp-bin:/home/pedro/dev/workspace/base-express-app/node_modules/.bin:/usr/bin:/usr/local/heroku/bin:/home/pedro/.rbenv/plugins/ruby-build/bin:/home/pedro/.rbenv/shims:/home/pedro/.rbenv/bin:/usr/local/sbin:/usr/local/bin:/usr/sbin:/usr/bin:/sbin:/bin:/usr/games:/usr/local/games:/snap/bin:/usr/local/java/bin:/home/pedro/Dev/IDE/RubyMine-7.0.4/bin:/home/pedro/Dev/Lib/Android/SDK/android-sdk-linux/platform-tools:/home/pedro/Dev/Lib/Android/SDK/android-sdk-linux/tools
10 verbose lifecycle express@0.0.1~start: CWD: /home/pedro/dev/workspace/base-express-app
11 silly lifecycle express@0.0.1~start: Args: [ '-c', 'node app.js' ]
12 silly lifecycle express@0.0.1~start: Returned: code: 1  signal: null
13 info lifecycle express@0.0.1~start: Failed to exec start script
14 verbose stack Error: express@0.0.1 start: `node app.js`
14 verbose stack Exit status 1
14 verbose stack     at EventEmitter.<anonymous> (/usr/local/lib/node_modules/npm/lib/utils/lifecycle.js:239:16)
14 verbose stack     at emitTwo (events.js:100:13)
14 verbose stack     at EventEmitter.emit (events.js:185:7)
14 verbose stack     at ChildProcess.<anonymous> (/usr/local/lib/node_modules/npm/lib/utils/spawn.js:24:14)
14 verbose stack     at emitTwo (events.js:100:13)
14 verbose stack     at ChildProcess.emit (events.js:185:7)
14 verbose stack     at maybeClose (internal/child_process.js:850:16)
14 verbose stack     at Process.ChildProcess._handle.onexit (internal/child_process.js:215:5)
15 verbose pkgid express@0.0.1
16 verbose cwd /home/pedro/dev/workspace/base-express-app
17 error Linux 4.4.0-31-generic
18 error argv "/usr/bin/nodejs" "/usr/local/bin/npm" "start"
19 error node v5.10.0
20 error npm  v3.7.1
21 error code ELIFECYCLE
22 error express@0.0.1 start: `node app.js`
22 error Exit status 1
23 error Failed at the express@0.0.1 start script 'node app.js'.
23 error Make sure you have the latest version of node.js and npm installed.
23 error If you do, this is most likely a problem with the express package,
23 error not with npm itself.
23 error Tell the author that this fails on your system:
23 error     node app.js
23 error You can get information on how to open an issue for this project with:
23 error     npm bugs express
23 error Or if that isn't available, you can get their info via:
23 error     npm owner ls express
23 error There is likely additional logging output above.
24 verbose exit [ 1, true ]
